<?xml version="1.0" encoding="UTF-8"?>
<testsuite xmlns:xsi="http://www.w3.org/2001/XMLSchema-instance" xsi:noNamespaceSchemaLocation="https://maven.apache.org/surefire/maven-surefire-plugin/xsd/surefire-test-report.xsd" name="sheet4.SearchTest" time="0.278" tests="5" errors="1" skipped="0" failures="0">
  <properties>
    <property name="java.specification.version" value="17"/>
    <property name="sun.cpu.isalist" value="amd64"/>
    <property name="sun.jnu.encoding" value="Cp1252"/>
    <property name="java.class.path" value="C:\Users\ellio\Documents\Bristol\year-1\term-2\OOP\remote\java-worksheets\wk5\target\test-classes;C:\Users\ellio\Documents\Bristol\year-1\term-2\OOP\remote\java-worksheets\wk5\target\classes;C:\Users\ellio\.m2\repository\com\google\guava\guava\31.0.1-jre\guava-31.0.1-jre.jar;C:\Users\ellio\.m2\repository\com\google\guava\failureaccess\1.0.1\failureaccess-1.0.1.jar;C:\Users\ellio\.m2\repository\com\google\guava\listenablefuture\9999.0-empty-to-avoid-conflict-with-guava\listenablefuture-9999.0-empty-to-avoid-conflict-with-guava.jar;C:\Users\ellio\.m2\repository\com\google\code\findbugs\jsr305\3.0.2\jsr305-3.0.2.jar;C:\Users\ellio\.m2\repository\org\checkerframework\checker-qual\3.12.0\checker-qual-3.12.0.jar;C:\Users\ellio\.m2\repository\com\google\errorprone\error_prone_annotations\2.7.1\error_prone_annotations-2.7.1.jar;C:\Users\ellio\.m2\repository\com\google\j2objc\j2objc-annotations\1.3\j2objc-annotations-1.3.jar;C:\Users\ellio\.m2\repository\junit\junit\4.13.2\junit-4.13.2.jar;C:\Users\ellio\.m2\repository\org\hamcrest\hamcrest-core\1.3\hamcrest-core-1.3.jar;C:\Users\ellio\.m2\repository\org\assertj\assertj-core\3.15.0\assertj-core-3.15.0.jar;"/>
    <property name="java.vm.vendor" value="Oracle Corporation"/>
    <property name="sun.arch.data.model" value="64"/>
    <property name="user.variant" value=""/>
    <property name="java.vendor.url" value="https://java.oracle.com/"/>
    <property name="user.timezone" value="Europe/London"/>
    <property name="os.name" value="Windows 11"/>
    <property name="java.vm.specification.version" value="17"/>
    <property name="sun.java.launcher" value="SUN_STANDARD"/>
    <property name="user.country" value="GB"/>
    <property name="sun.boot.library.path" value="C:\Users\ellio\.jdks\openjdk-17.0.2\bin"/>
    <property name="sun.java.command" value="C:\Users\ellio\AppData\Local\Temp\surefire7117067405957552911\surefirebooter18155784826120137326.jar C:\Users\ellio\AppData\Local\Temp\surefire7117067405957552911 2022-03-03T22-25-10_294-jvmRun1 surefire1704733898422176524tmp surefire_04775539707287333857tmp"/>
    <property name="jdk.debug" value="release"/>
    <property name="surefire.test.class.path" value="C:\Users\ellio\Documents\Bristol\year-1\term-2\OOP\remote\java-worksheets\wk5\target\test-classes;C:\Users\ellio\Documents\Bristol\year-1\term-2\OOP\remote\java-worksheets\wk5\target\classes;C:\Users\ellio\.m2\repository\com\google\guava\guava\31.0.1-jre\guava-31.0.1-jre.jar;C:\Users\ellio\.m2\repository\com\google\guava\failureaccess\1.0.1\failureaccess-1.0.1.jar;C:\Users\ellio\.m2\repository\com\google\guava\listenablefuture\9999.0-empty-to-avoid-conflict-with-guava\listenablefuture-9999.0-empty-to-avoid-conflict-with-guava.jar;C:\Users\ellio\.m2\repository\com\google\code\findbugs\jsr305\3.0.2\jsr305-3.0.2.jar;C:\Users\ellio\.m2\repository\org\checkerframework\checker-qual\3.12.0\checker-qual-3.12.0.jar;C:\Users\ellio\.m2\repository\com\google\errorprone\error_prone_annotations\2.7.1\error_prone_annotations-2.7.1.jar;C:\Users\ellio\.m2\repository\com\google\j2objc\j2objc-annotations\1.3\j2objc-annotations-1.3.jar;C:\Users\ellio\.m2\repository\junit\junit\4.13.2\junit-4.13.2.jar;C:\Users\ellio\.m2\repository\org\hamcrest\hamcrest-core\1.3\hamcrest-core-1.3.jar;C:\Users\ellio\.m2\repository\org\assertj\assertj-core\3.15.0\assertj-core-3.15.0.jar;"/>
    <property name="sun.cpu.endian" value="little"/>
    <property name="user.home" value="C:\Users\ellio"/>
    <property name="user.language" value="en"/>
    <property name="java.specification.vendor" value="Oracle Corporation"/>
    <property name="java.version.date" value="2022-01-18"/>
    <property name="java.home" value="C:\Users\ellio\.jdks\openjdk-17.0.2"/>
    <property name="file.separator" value="\"/>
    <property name="basedir" value="C:\Users\ellio\Documents\Bristol\year-1\term-2\OOP\remote\java-worksheets\wk5"/>
    <property name="java.vm.compressedOopsMode" value="Zero based"/>
    <property name="line.separator" value="&#10;"/>
    <property name="java.vm.specification.vendor" value="Oracle Corporation"/>
    <property name="java.specification.name" value="Java Platform API Specification"/>
    <property name="surefire.real.class.path" value="C:\Users\ellio\AppData\Local\Temp\surefire7117067405957552911\surefirebooter18155784826120137326.jar"/>
    <property name="user.script" value=""/>
    <property name="sun.management.compiler" value="HotSpot 64-Bit Tiered Compilers"/>
    <property name="java.runtime.version" value="17.0.2+8-86"/>
    <property name="user.name" value="ellio"/>
    <property name="path.separator" value=";"/>
    <property name="os.version" value="10.0"/>
    <property name="java.runtime.name" value="OpenJDK Runtime Environment"/>
    <property name="file.encoding" value="Cp1252"/>
    <property name="java.vm.name" value="OpenJDK 64-Bit Server VM"/>
    <property name="localRepository" value="C:\Users\ellio\.m2\repository"/>
    <property name="java.vendor.url.bug" value="https://bugreport.java.com/bugreport/"/>
    <property name="java.io.tmpdir" value="C:\Users\ellio\AppData\Local\Temp\"/>
    <property name="java.version" value="17.0.2"/>
    <property name="user.dir" value="C:\Users\ellio\Documents\Bristol\year-1\term-2\OOP\remote\java-worksheets\wk5"/>
    <property name="os.arch" value="amd64"/>
    <property name="java.vm.specification.name" value="Java Virtual Machine Specification"/>
    <property name="sun.os.patch.level" value=""/>
    <property name="native.encoding" value="Cp1252"/>
    <property name="java.library.path" value="C:\Users\ellio\.jdks\openjdk-17.0.2\bin;C:\WINDOWS\Sun\Java\bin;C:\WINDOWS\system32;C:\WINDOWS;C:\WINDOWS\system32;C:\WINDOWS;C:\WINDOWS\System32\Wbem;C:\WINDOWS\System32\WindowsPowerShell\v1.0\;C:\WINDOWS\System32\OpenSSH\;C:\Python27;C:\Program Files\Git\cmd;C:\Users\ellio\AppData\Local\Microsoft\WindowsApps;C:\Users\ellio\AppData\Local\Programs\Microsoft VS Code\bin;C:\Users\ellio\.jdks\openjdk-17.0.2\bin;C:\Users\ellio\Documents\Bristol\year-1\term-2\OOP\maven\apache-maven-3.8.4\bin;;."/>
    <property name="java.vm.info" value="mixed mode, sharing"/>
    <property name="java.vendor" value="Oracle Corporation"/>
    <property name="java.vm.version" value="17.0.2+8-86"/>
    <property name="sun.io.unicode.encoding" value="UnicodeLittle"/>
    <property name="java.class.version" value="61.0"/>
  </properties>
  <testcase name="testShortestPath" classname="sheet4.SearchTest" time="0.144">
    <error message="Index 35 out of bounds for length 35" type="java.lang.ArrayIndexOutOfBoundsException">java.lang.ArrayIndexOutOfBoundsException: Index 35 out of bounds for length 35
	at sheet4.Search.shortestPathFromSourceToDestination(Search.java:189)
	at sheet4.SearchTest.testShortestPath(SearchTest.java:51)
	at java.base/jdk.internal.reflect.NativeMethodAccessorImpl.invoke0(Native Method)
	at java.base/jdk.internal.reflect.NativeMethodAccessorImpl.invoke(NativeMethodAccessorImpl.java:77)
	at java.base/jdk.internal.reflect.DelegatingMethodAccessorImpl.invoke(DelegatingMethodAccessorImpl.java:43)
	at java.base/java.lang.reflect.Method.invoke(Method.java:568)
	at org.junit.runners.model.FrameworkMethod$1.runReflectiveCall(FrameworkMethod.java:59)
	at org.junit.internal.runners.model.ReflectiveCallable.run(ReflectiveCallable.java:12)
	at org.junit.runners.model.FrameworkMethod.invokeExplosively(FrameworkMethod.java:56)
	at org.junit.internal.runners.statements.InvokeMethod.evaluate(InvokeMethod.java:17)
	at org.junit.internal.runners.statements.RunBefores.evaluate(RunBefores.java:26)
	at org.junit.runners.ParentRunner$3.evaluate(ParentRunner.java:306)
	at org.junit.runners.BlockJUnit4ClassRunner$1.evaluate(BlockJUnit4ClassRunner.java:100)
	at org.junit.runners.ParentRunner.runLeaf(ParentRunner.java:366)
	at org.junit.runners.BlockJUnit4ClassRunner.runChild(BlockJUnit4ClassRunner.java:103)
	at org.junit.runners.BlockJUnit4ClassRunner.runChild(BlockJUnit4ClassRunner.java:63)
	at org.junit.runners.ParentRunner$4.run(ParentRunner.java:331)
	at org.junit.runners.ParentRunner$1.schedule(ParentRunner.java:79)
	at org.junit.runners.ParentRunner.runChildren(ParentRunner.java:329)
	at org.junit.runners.ParentRunner.access$100(ParentRunner.java:66)
	at org.junit.runners.ParentRunner$2.evaluate(ParentRunner.java:293)
	at org.junit.runners.ParentRunner$3.evaluate(ParentRunner.java:306)
	at org.junit.runners.ParentRunner.run(ParentRunner.java:413)
	at org.apache.maven.surefire.junit4.JUnit4Provider.execute(JUnit4Provider.java:365)
	at org.apache.maven.surefire.junit4.JUnit4Provider.executeWithRerun(JUnit4Provider.java:273)
	at org.apache.maven.surefire.junit4.JUnit4Provider.executeTestSet(JUnit4Provider.java:238)
	at org.apache.maven.surefire.junit4.JUnit4Provider.invoke(JUnit4Provider.java:159)
	at org.apache.maven.surefire.booter.ForkedBooter.invokeProviderInSameClassLoader(ForkedBooter.java:384)
	at org.apache.maven.surefire.booter.ForkedBooter.runSuitesInProcess(ForkedBooter.java:345)
	at org.apache.maven.surefire.booter.ForkedBooter.execute(ForkedBooter.java:126)
	at org.apache.maven.surefire.booter.ForkedBooter.main(ForkedBooter.java:418)
</error>
    <system-out><![CDATA[1
2 4 
Min so far is 2147483647
Node: 2 Edge Value: 10 Distance: 10 Predecessor: null
Best Node is 2
Min so far is 10
Node: 4 Edge Value: 8 Distance: 8 Predecessor: null
Best Node is 4
4
1 5 15 
Min so far is 8
Node: 5 Edge Value: 4 Distance: 12 Predecessor: null
Min so far is 8
Node: 15 Edge Value: 13 Distance: 21 Predecessor: null
4
1 5 15 
Min so far is 8
Node: 5 Edge Value: 4 Distance: 12 Predecessor: 4
Min so far is 12
Node: 15 Edge Value: 13 Distance: 21 Predecessor: 4
4
1 5 15 
Min so far is 21
Node: 5 Edge Value: 4 Distance: 12 Predecessor: 4
Best Node is 5
Min so far is 12
Node: 15 Edge Value: 13 Distance: 21 Predecessor: 4
5
4 6 9 
Min so far is 12
Node: 6 Edge Value: 9 Distance: 21 Predecessor: null
Min so far is 12
Node: 9 Edge Value: 4 Distance: 16 Predecessor: null
5
4 6 9 
Min so far is 12
Node: 6 Edge Value: 9 Distance: 21 Predecessor: 5
Min so far is 21
Node: 9 Edge Value: 4 Distance: 16 Predecessor: 5
Best Node is 9
9
5 10 16 
Min so far is 16
Node: 10 Edge Value: 7 Distance: 23 Predecessor: null
Min so far is 16
Node: 16 Edge Value: 6 Distance: 22 Predecessor: null
9
5 10 16 
Min so far is 16
Node: 10 Edge Value: 7 Distance: 23 Predecessor: 9
Min so far is 23
Node: 16 Edge Value: 6 Distance: 22 Predecessor: 9
Best Node is 16
16
9 15 17 22 
Min so far is 22
Node: 15 Edge Value: 4 Distance: 26 Predecessor: 4
Min so far is 22
Node: 17 Edge Value: 10 Distance: 32 Predecessor: null
Min so far is 22
Node: 22 Edge Value: 8 Distance: 30 Predecessor: null
16
9 15 17 22 
Min so far is 22
Node: 15 Edge Value: 4 Distance: 26 Predecessor: 4
Min so far is 26
Node: 17 Edge Value: 10 Distance: 32 Predecessor: 16
Min so far is 32
Node: 22 Edge Value: 8 Distance: 30 Predecessor: 16
Best Node is 22
22
16 19 28 
Min so far is 30
Node: 19 Edge Value: 5 Distance: 35 Predecessor: null
Min so far is 30
Node: 28 Edge Value: 2 Distance: 32 Predecessor: null
22
16 19 28 
Min so far is 30
Node: 19 Edge Value: 5 Distance: 35 Predecessor: 22
Min so far is 35
Node: 28 Edge Value: 2 Distance: 32 Predecessor: 22
Best Node is 28
28
15 22 29 
Min so far is 32
Node: 15 Edge Value: 9 Distance: 41 Predecessor: 4
Min so far is 32
Node: 29 Edge Value: 3 Distance: 35 Predecessor: null
28
15 22 29 
Min so far is 32
Node: 15 Edge Value: 9 Distance: 41 Predecessor: 4
Min so far is 41
Node: 29 Edge Value: 3 Distance: 35 Predecessor: 28
Best Node is 29
29
28 30 
Min so far is 35
Node: 30 Edge Value: 5 Distance: 40 Predecessor: null
29
28 30 
Min so far is 35
Node: 30 Edge Value: 5 Distance: 40 Predecessor: 29
29
28 30 
Min so far is 40
Node: 30 Edge Value: 5 Distance: 40 Predecessor: 29
29
28 30 
Min so far is 40
Node: 30 Edge Value: 5 Distance: 40 Predecessor: 29
29
28 30 
Min so far is 40
Node: 30 Edge Value: 5 Distance: 40 Predecessor: 29
29
28 30 
Min so far is 40
Node: 30 Edge Value: 5 Distance: 40 Predecessor: 29
29
28 30 
Min so far is 40
Node: 30 Edge Value: 5 Distance: 40 Predecessor: 29
29
28 30 
Min so far is 40
Node: 30 Edge Value: 5 Distance: 40 Predecessor: 29
29
28 30 
Min so far is 40
Node: 30 Edge Value: 5 Distance: 40 Predecessor: 29
29
28 30 
Min so far is 40
Node: 30 Edge Value: 5 Distance: 40 Predecessor: 29
29
28 30 
Min so far is 40
Node: 30 Edge Value: 5 Distance: 40 Predecessor: 29
29
28 30 
Min so far is 40
Node: 30 Edge Value: 5 Distance: 40 Predecessor: 29
29
28 30 
Min so far is 40
Node: 30 Edge Value: 5 Distance: 40 Predecessor: 29
29
28 30 
Min so far is 40
Node: 30 Edge Value: 5 Distance: 40 Predecessor: 29
29
28 30 
Min so far is 40
Node: 30 Edge Value: 5 Distance: 40 Predecessor: 29
29
28 30 
Min so far is 40
Node: 30 Edge Value: 5 Distance: 40 Predecessor: 29
29
28 30 
Min so far is 40
Node: 30 Edge Value: 5 Distance: 40 Predecessor: 29
29
28 30 
Min so far is 40
Node: 30 Edge Value: 5 Distance: 40 Predecessor: 29
29
28 30 
Min so far is 40
Node: 30 Edge Value: 5 Distance: 40 Predecessor: 29
29
28 30 
Min so far is 40
Node: 30 Edge Value: 5 Distance: 40 Predecessor: 29
29
28 30 
Min so far is 40
Node: 30 Edge Value: 5 Distance: 40 Predecessor: 29
29
28 30 
Min so far is 40
Node: 30 Edge Value: 5 Distance: 40 Predecessor: 29
]]></system-out>
  </testcase>
  <testcase name="testListAllNodes" classname="sheet4.SearchTest" time="0.014"/>
  <testcase name="testFindAllNodeWith4OrMoreEdges" classname="sheet4.SearchTest" time="0.004"/>
  <testcase name="testFindAllNodesWithEdgeSumGreaterThan20" classname="sheet4.SearchTest" time="0.004"/>
  <testcase name="testListAllEdgesValues" classname="sheet4.SearchTest" time="0.035"/>
</testsuite>